app/build/intermediates/manifest_merge_blame_file/debug/manifest-merger-blame-debug-report.txt
1<?xml version="1.0" encoding="utf-8"?>
2<manifest xmlns:android="http://schemas.android.com/apk/res/android"
3    package="br.com.geekacademy.agendadecontatos"
4    android:versionCode="1"
5    android:versionName="1.0" >
6
7    <uses-sdk
8        android:minSdkVersion="15"
8-->src\main\AndroidManifest.xml
9        android:targetSdkVersion="26" />
9-->src\main\AndroidManifest.xml
10
11    <uses-permission android:name="android.permission.CAMERA" />
11-->src\main\AndroidManifest.xml:5:5-64
11-->src\main\AndroidManifest.xml:5:22-62
12    <uses-permission android:name="android.permission.WRITE_EXTERNAL_STORAGE" />
12-->src\main\AndroidManifest.xml:6:5-80
12-->src\main\AndroidManifest.xml:6:22-78
13    <uses-permission android:name="android.permission.READ_EXTERNAL_STORAGE" />
13-->src\main\AndroidManifest.xml:7:5-79
13-->src\main\AndroidManifest.xml:7:22-77
14
15    <application
15-->src\main\AndroidManifest.xml:9:5-28:19
16        android:allowBackup="true"
16-->src\main\AndroidManifest.xml:10:9-35
17        android:debuggable="true"
18        android:icon="@mipmap/ic_launcher"
18-->src\main\AndroidManifest.xml:11:9-43
19        android:label="@string/app_name"
19-->src\main\AndroidManifest.xml:12:9-41
20        android:roundIcon="@mipmap/ic_launcher_round"
20-->src\main\AndroidManifest.xml:13:9-54
21        android:supportsRtl="true"
21-->src\main\AndroidManifest.xml:14:9-35
22        android:testOnly="true"
23        android:theme="@style/AppTheme" >
23-->src\main\AndroidManifest.xml:15:9-40
24        <activity
24-->src\main\AndroidManifest.xml:16:9-25:20
25            android:name="br.com.unifcv.AgendaContatosTrab.MainActivity"
25-->src\main\AndroidManifest.xml:17:13-73
26            android:label="@string/app_name"
26-->src\main\AndroidManifest.xml:18:13-45
27            android:theme="@style/AppTheme.NoActionBar" >
27-->src\main\AndroidManifest.xml:19:13-56
28            <intent-filter>
28-->src\main\AndroidManifest.xml:20:13-24:29
29                <action android:name="android.intent.action.MAIN" />
29-->src\main\AndroidManifest.xml:21:17-69
29-->src\main\AndroidManifest.xml:21:25-66
30
31                <category android:name="android.intent.category.LAUNCHER" />
31-->src\main\AndroidManifest.xml:23:17-77
31-->src\main\AndroidManifest.xml:23:27-74
32            </intent-filter>
33        </activity>
34        <activity
34-->src\main\AndroidManifest.xml:26:9-27:99
35            android:name="br.com.unifcv.AgendaContatosTrab.EditActivity"
35-->src\main\AndroidManifest.xml:26:19-79
36            android:parentActivityName="br.com.unifcv.AgendaContatosTrab.MainActivity" />
36-->src\main\AndroidManifest.xml:27:13-87
37
38        <meta-data
38-->[com.android.support:design:26.0.1] AndroidManifest.xml:26:9-28:38
39            android:name="android.support.VERSION"
39-->[com.android.support:design:26.0.1] AndroidManifest.xml:27:13-51
40            android:value="26.0.1" />
40-->[com.android.support:design:26.0.1] AndroidManifest.xml:28:13-35
41    </application>
42
43</manifest>